[2026-04-10T17:29:40.362Z] GET http://localhost:4321/bull-market-relapse.html → 301 (15ms, ?B)
[2026-04-10T17:29:40.377Z] GET http://localhost:4321/bull-market-relapse → 200 (8ms, 31854B)
[2026-04-10T17:29:40.391Z] GET https://api.fontshare.com/v2/css?f[]=cabinet-grotesk@700,800,900&f[]=satoshi@400,500,700&display=swap → 200 (168ms, 3549B)
[2026-04-10T17:29:40.589Z] GET https://cdn.fontshare.com/wf/TTX2Z3BF3P6Y5BQT3IV2VNOK6FL22KUT/7QYRJOI3JIMYHGY6CH7SOIFRQLZOLNJ6/KFIAZD4RUMEZIYV6FQ3T3GP5PDBDB6JY.woff2 → 200 (52ms, 25516B)
[2026-04-10T17:29:40.590Z] GET https://cdn.fontshare.com/wf/54BYDK52GK4J6SPDN2E656FIZHUETKL3/ACYE4XDNEUAHIOQEOGPYPDVAVDI5P67Q/TZVUWRP4UW5PEJWBLXHG5VVGPODI2WLC.woff2 → 200 (51ms, 19376B)
[2026-04-10T17:29:40.590Z] GET https://cdn.fontshare.com/wf/LAFFD4SDUCDVQEXFPDC7C53EQ4ZELWQI/PXCT3G6LO6ICM5I3NTYENYPWJAECAWDD/GHM6WVH6MILNYOOCXHXB5GTSGNTMGXZR.woff2 → 200 (58ms, 25328B)
[2026-04-10T17:29:40.590Z] GET https://cdn.fontshare.com/wf/P2LQKHE6KA6ZP4AAGN72KDWMHH6ZH3TA/ZC32TK2P7FPS5GFTL46EU6KQJA24ZYDB/7AHDUZ4A7LFLVFUIFSARGIWCRQJHISQP.woff2 → 200 (55ms, 25596B)
[2026-04-10T17:29:40.590Z] GET https://cdn.fontshare.com/wf/ZX6AQLSFYVDPN2URWO2MQFGTYYOHIS64/TPYPKOYWFQVNJHLLRXD4KFYX4LUOUW4Z/6QH2ALVTTK7IRVO5MYOQQ3OZNXW5SSS3.woff2 → 200 (62ms, 20204B)
[2026-04-10T17:37:07.922Z] GET http://localhost:4321/bull-market-relapse.html → 301 (1ms, ?B)
[2026-04-10T17:37:07.923Z] GET http://localhost:4321/bull-market-relapse → 200 (4ms, 39749B)
[2026-04-10T17:37:07.929Z] GET https://api.fontshare.com/v2/css?f[]=cabinet-grotesk@700,800,900&f[]=satoshi@400,500,700&display=swap → 200 (?ms, 3549B)
[2026-04-10T17:37:07.929Z] GET https://cdn.jsdelivr.net/npm/canvas-confetti@1.9.3/dist/confetti.browser.min.js → 200 (50ms, 10808B)
[2026-04-10T17:37:07.954Z] GET https://cdn.fontshare.com/wf/ZX6AQLSFYVDPN2URWO2MQFGTYYOHIS64/TPYPKOYWFQVNJHLLRXD4KFYX4LUOUW4Z/6QH2ALVTTK7IRVO5MYOQQ3OZNXW5SSS3.woff2 → 200 (1ms, ?B)
[2026-04-10T17:37:07.956Z] GET https://cdn.fontshare.com/wf/54BYDK52GK4J6SPDN2E656FIZHUETKL3/ACYE4XDNEUAHIOQEOGPYPDVAVDI5P67Q/TZVUWRP4UW5PEJWBLXHG5VVGPODI2WLC.woff2 → 200 (?ms, ?B)
[2026-04-10T17:37:07.956Z] GET https://cdn.fontshare.com/wf/TTX2Z3BF3P6Y5BQT3IV2VNOK6FL22KUT/7QYRJOI3JIMYHGY6CH7SOIFRQLZOLNJ6/KFIAZD4RUMEZIYV6FQ3T3GP5PDBDB6JY.woff2 → 200 (?ms, ?B)
[2026-04-10T17:37:07.956Z] GET https://cdn.fontshare.com/wf/P2LQKHE6KA6ZP4AAGN72KDWMHH6ZH3TA/ZC32TK2P7FPS5GFTL46EU6KQJA24ZYDB/7AHDUZ4A7LFLVFUIFSARGIWCRQJHISQP.woff2 → 200 (?ms, ?B)
[2026-04-10T17:37:07.958Z] GET https://cdn.fontshare.com/wf/LAFFD4SDUCDVQEXFPDC7C53EQ4ZELWQI/PXCT3G6LO6ICM5I3NTYENYPWJAECAWDD/GHM6WVH6MILNYOOCXHXB5GTSGNTMGXZR.woff2 → 200 (?ms, ?B)
[2026-04-10T17:37:49.541Z] GET http://localhost:4321/bull-market-relapse → 200 (2ms, 39749B)
[2026-04-10T17:37:49.545Z] GET https://api.fontshare.com/v2/css?f[]=cabinet-grotesk@700,800,900&f[]=satoshi@400,500,700&display=swap → 200 (1ms, 3549B)
[2026-04-10T17:37:49.546Z] GET https://cdn.jsdelivr.net/npm/canvas-confetti@1.9.3/dist/confetti.browser.min.js → 200 (?ms, 10808B)
[2026-04-10T17:37:49.550Z] GET https://cdn.fontshare.com/wf/ZX6AQLSFYVDPN2URWO2MQFGTYYOHIS64/TPYPKOYWFQVNJHLLRXD4KFYX4LUOUW4Z/6QH2ALVTTK7IRVO5MYOQQ3OZNXW5SSS3.woff2 → 200 (?ms, ?B)
[2026-04-10T17:37:49.550Z] GET https://cdn.fontshare.com/wf/54BYDK52GK4J6SPDN2E656FIZHUETKL3/ACYE4XDNEUAHIOQEOGPYPDVAVDI5P67Q/TZVUWRP4UW5PEJWBLXHG5VVGPODI2WLC.woff2 → 200 (?ms, ?B)
[2026-04-10T17:37:49.550Z] GET https://cdn.fontshare.com/wf/TTX2Z3BF3P6Y5BQT3IV2VNOK6FL22KUT/7QYRJOI3JIMYHGY6CH7SOIFRQLZOLNJ6/KFIAZD4RUMEZIYV6FQ3T3GP5PDBDB6JY.woff2 → 200 (1ms, ?B)
[2026-04-10T17:37:49.551Z] GET https://cdn.fontshare.com/wf/P2LQKHE6KA6ZP4AAGN72KDWMHH6ZH3TA/ZC32TK2P7FPS5GFTL46EU6KQJA24ZYDB/7AHDUZ4A7LFLVFUIFSARGIWCRQJHISQP.woff2 → 200 (?ms, ?B)
[2026-04-10T17:37:49.552Z] GET https://cdn.fontshare.com/wf/LAFFD4SDUCDVQEXFPDC7C53EQ4ZELWQI/PXCT3G6LO6ICM5I3NTYENYPWJAECAWDD/GHM6WVH6MILNYOOCXHXB5GTSGNTMGXZR.woff2 → 200 (?ms, ?B)
[2026-04-10T17:40:00.209Z] GET http://localhost:4321/bull-market-relapse → 200 (9ms, 39760B)
[2026-04-10T17:40:00.219Z] GET https://api.fontshare.com/v2/css?f[]=cabinet-grotesk@700,800,900&f[]=satoshi@400,500,700&display=swap → 200 (?ms, 3549B)
[2026-04-10T17:40:00.220Z] GET https://cdn.jsdelivr.net/npm/canvas-confetti@1.9.3/dist/confetti.browser.min.js → 200 (?ms, 10808B)
[2026-04-10T17:40:00.231Z] GET https://cdn.fontshare.com/wf/ZX6AQLSFYVDPN2URWO2MQFGTYYOHIS64/TPYPKOYWFQVNJHLLRXD4KFYX4LUOUW4Z/6QH2ALVTTK7IRVO5MYOQQ3OZNXW5SSS3.woff2 → 200 (?ms, ?B)
[2026-04-10T17:40:00.231Z] GET https://cdn.fontshare.com/wf/54BYDK52GK4J6SPDN2E656FIZHUETKL3/ACYE4XDNEUAHIOQEOGPYPDVAVDI5P67Q/TZVUWRP4UW5PEJWBLXHG5VVGPODI2WLC.woff2 → 200 (?ms, ?B)
[2026-04-10T17:40:00.232Z] GET https://cdn.fontshare.com/wf/TTX2Z3BF3P6Y5BQT3IV2VNOK6FL22KUT/7QYRJOI3JIMYHGY6CH7SOIFRQLZOLNJ6/KFIAZD4RUMEZIYV6FQ3T3GP5PDBDB6JY.woff2 → 200 (?ms, ?B)
[2026-04-10T17:40:00.232Z] GET https://cdn.fontshare.com/wf/P2LQKHE6KA6ZP4AAGN72KDWMHH6ZH3TA/ZC32TK2P7FPS5GFTL46EU6KQJA24ZYDB/7AHDUZ4A7LFLVFUIFSARGIWCRQJHISQP.woff2 → 200 (?ms, ?B)
[2026-04-10T17:40:00.234Z] GET https://cdn.fontshare.com/wf/LAFFD4SDUCDVQEXFPDC7C53EQ4ZELWQI/PXCT3G6LO6ICM5I3NTYENYPWJAECAWDD/GHM6WVH6MILNYOOCXHXB5GTSGNTMGXZR.woff2 → 200 (?ms, ?B)
[2026-04-10T17:40:23.823Z] GET https://api.coingecko.com/api/v3/simple/price?ids=bitcoin&vs_currencies=usd → 200 (230ms, 25B)
[2026-04-10T17:40:39.757Z] GET https://api.coingecko.com/api/v3/simple/price?ids=bitcoin&vs_currencies=usd → 200 (?ms, 25B)
[2026-04-10T17:41:04.297Z] GET http://localhost:4321/bull-market-relapse → 200 (3ms, 39833B)
[2026-04-10T17:41:04.301Z] GET https://api.fontshare.com/v2/css?f[]=cabinet-grotesk@700,800,900&f[]=satoshi@400,500,700&display=swap → 200 (1ms, 3549B)
[2026-04-10T17:41:04.302Z] GET https://cdn.jsdelivr.net/npm/canvas-confetti@1.9.3/dist/confetti.browser.min.js → 200 (?ms, 10808B)
[2026-04-10T17:41:04.305Z] GET https://cdn.fontshare.com/wf/ZX6AQLSFYVDPN2URWO2MQFGTYYOHIS64/TPYPKOYWFQVNJHLLRXD4KFYX4LUOUW4Z/6QH2ALVTTK7IRVO5MYOQQ3OZNXW5SSS3.woff2 → 200 (?ms, ?B)
[2026-04-10T17:41:04.305Z] GET https://cdn.fontshare.com/wf/54BYDK52GK4J6SPDN2E656FIZHUETKL3/ACYE4XDNEUAHIOQEOGPYPDVAVDI5P67Q/TZVUWRP4UW5PEJWBLXHG5VVGPODI2WLC.woff2 → 200 (?ms, ?B)
[2026-04-10T17:41:04.306Z] GET https://cdn.fontshare.com/wf/TTX2Z3BF3P6Y5BQT3IV2VNOK6FL22KUT/7QYRJOI3JIMYHGY6CH7SOIFRQLZOLNJ6/KFIAZD4RUMEZIYV6FQ3T3GP5PDBDB6JY.woff2 → 200 (?ms, ?B)
[2026-04-10T17:41:04.306Z] GET https://cdn.fontshare.com/wf/P2LQKHE6KA6ZP4AAGN72KDWMHH6ZH3TA/ZC32TK2P7FPS5GFTL46EU6KQJA24ZYDB/7AHDUZ4A7LFLVFUIFSARGIWCRQJHISQP.woff2 → 200 (?ms, ?B)
[2026-04-10T17:41:04.306Z] GET https://cdn.fontshare.com/wf/LAFFD4SDUCDVQEXFPDC7C53EQ4ZELWQI/PXCT3G6LO6ICM5I3NTYENYPWJAECAWDD/GHM6WVH6MILNYOOCXHXB5GTSGNTMGXZR.woff2 → 200 (?ms, ?B)
[2026-04-10T17:41:04.707Z] GET https://api.coingecko.com/api/v3/simple/price?ids=bitcoin&vs_currencies=usd → 200 (30ms, 25B)
[2026-04-10T17:45:30.036Z] GET http://localhost:4321/bull-market-relapse → 200 (4ms, 40034B)
[2026-04-10T17:45:30.042Z] GET https://api.fontshare.com/v2/css?f[]=cabinet-grotesk@700,800,900&f[]=satoshi@400,500,700&display=swap → 200 (1ms, 3549B)
[2026-04-10T17:45:30.043Z] GET https://cdn.jsdelivr.net/npm/canvas-confetti@1.9.3/dist/confetti.browser.min.js → 200 (?ms, 10808B)
[2026-04-10T17:45:30.046Z] GET https://cdn.fontshare.com/wf/ZX6AQLSFYVDPN2URWO2MQFGTYYOHIS64/TPYPKOYWFQVNJHLLRXD4KFYX4LUOUW4Z/6QH2ALVTTK7IRVO5MYOQQ3OZNXW5SSS3.woff2 → 200 (?ms, ?B)
[2026-04-10T17:45:30.046Z] GET https://cdn.fontshare.com/wf/54BYDK52GK4J6SPDN2E656FIZHUETKL3/ACYE4XDNEUAHIOQEOGPYPDVAVDI5P67Q/TZVUWRP4UW5PEJWBLXHG5VVGPODI2WLC.woff2 → 200 (?ms, ?B)
[2026-04-10T17:45:30.047Z] GET https://cdn.fontshare.com/wf/TTX2Z3BF3P6Y5BQT3IV2VNOK6FL22KUT/7QYRJOI3JIMYHGY6CH7SOIFRQLZOLNJ6/KFIAZD4RUMEZIYV6FQ3T3GP5PDBDB6JY.woff2 → 200 (?ms, ?B)
[2026-04-10T17:45:30.047Z] GET https://cdn.fontshare.com/wf/P2LQKHE6KA6ZP4AAGN72KDWMHH6ZH3TA/ZC32TK2P7FPS5GFTL46EU6KQJA24ZYDB/7AHDUZ4A7LFLVFUIFSARGIWCRQJHISQP.woff2 → 200 (?ms, ?B)
[2026-04-10T17:45:30.047Z] GET https://cdn.fontshare.com/wf/LAFFD4SDUCDVQEXFPDC7C53EQ4ZELWQI/PXCT3G6LO6ICM5I3NTYENYPWJAECAWDD/GHM6WVH6MILNYOOCXHXB5GTSGNTMGXZR.woff2 → 200 (?ms, ?B)
[2026-04-10T17:45:30.448Z] GET https://api.coingecko.com/api/v3/simple/price?ids=bitcoin&vs_currencies=usd → 200 (206ms, 25B)
